kubectl logs -n kafka test-consumer-1-r4jhz 
start.time, end.time, data.consumed.in.MB, MB.sec, data.consumed.in.nMsg, nMsg.sec, rebalance.time.ms, fetch.time.ms, fetch.MB.sec, fetch.nMsg.sec
2020-07-06 11:56:23:151, 2020-07-06 11:56:32:364, 572.2046, 62.1084, 600000, 65125.3663, 3038, 6175, 92.6647, 97165.9919

Metric Name                                                                                               Value
consumer-coordinator-metrics:assigned-partitions:{client-id=consumer-1}                                 : 6.000
consumer-coordinator-metrics:commit-latency-avg:{client-id=consumer-1}                                  : 5.500
consumer-coordinator-metrics:commit-latency-max:{client-id=consumer-1}                                  : 6.000
consumer-coordinator-metrics:commit-rate:{client-id=consumer-1}                                         : 0.065
consumer-coordinator-metrics:commit-total:{client-id=consumer-1}                                        : 2.000
consumer-coordinator-metrics:heartbeat-rate:{client-id=consumer-1}                                      : 0.031
consumer-coordinator-metrics:heartbeat-response-time-max:{client-id=consumer-1}                         : 2.000
consumer-coordinator-metrics:heartbeat-total:{client-id=consumer-1}                                     : 1.000
consumer-coordinator-metrics:join-rate:{client-id=consumer-1}                                           : 0.028
consumer-coordinator-metrics:join-time-avg:{client-id=consumer-1}                                       : 3019.000
consumer-coordinator-metrics:join-time-max:{client-id=consumer-1}                                       : 3019.000
consumer-coordinator-metrics:join-total:{client-id=consumer-1}                                          : 1.000
consumer-coordinator-metrics:last-heartbeat-seconds-ago:{client-id=consumer-1}                          : 2.000
consumer-coordinator-metrics:sync-rate:{client-id=consumer-1}                                           : 0.028
consumer-coordinator-metrics:sync-time-avg:{client-id=consumer-1}                                       : 15.000
consumer-coordinator-metrics:sync-time-max:{client-id=consumer-1}                                       : 15.000
consumer-coordinator-metrics:sync-total:{client-id=consumer-1}                                          : 1.000
consumer-fetch-manager-metrics:bytes-consumed-rate:{client-id=consumer-1, topic=test-rep-one}           : 17049600.281
consumer-fetch-manager-metrics:bytes-consumed-rate:{client-id=consumer-1}                               : 17049120.632
consumer-fetch-manager-metrics:bytes-consumed-total:{client-id=consumer-1, topic=test-rep-one}          : 606028042.000
consumer-fetch-manager-metrics:bytes-consumed-total:{client-id=consumer-1}                              : 606028042.000
consumer-fetch-manager-metrics:fetch-latency-avg:{client-id=consumer-1}                                 : 19.352
consumer-fetch-manager-metrics:fetch-latency-max:{client-id=consumer-1}                                 : 602.000
consumer-fetch-manager-metrics:fetch-rate:{client-id=consumer-1}                                        : 20.630
consumer-fetch-manager-metrics:fetch-size-avg:{client-id=consumer-1, topic=test-rep-one}                : 826777.683
consumer-fetch-manager-metrics:fetch-size-avg:{client-id=consumer-1}                                    : 826777.683
consumer-fetch-manager-metrics:fetch-size-max:{client-id=consumer-1, topic=test-rep-one}                : 2092784.000
consumer-fetch-manager-metrics:fetch-size-max:{client-id=consumer-1}                                    : 2092784.000
consumer-fetch-manager-metrics:fetch-throttle-time-avg:{client-id=consumer-1}                           : 0.000
consumer-fetch-manager-metrics:fetch-throttle-time-max:{client-id=consumer-1}                           : 0.000
consumer-fetch-manager-metrics:fetch-total:{client-id=consumer-1}                                       : 736.000
consumer-fetch-manager-metrics:records-consumed-rate:{client-id=consumer-1, topic=test-rep-one}         : 16880.011
consumer-fetch-manager-metrics:records-consumed-rate:{client-id=consumer-1}                             : 16879.536
consumer-fetch-manager-metrics:records-consumed-total:{client-id=consumer-1, topic=test-rep-one}        : 600000.000
consumer-fetch-manager-metrics:records-consumed-total:{client-id=consumer-1}                            : 600000.000
consumer-fetch-manager-metrics:records-lag-avg:{client-id=consumer-1, topic=test-rep-one, partition=0}  : 49894.920
consumer-fetch-manager-metrics:records-lag-avg:{client-id=consumer-1, topic=test-rep-one, partition=1}  : 49736.747
consumer-fetch-manager-metrics:records-lag-avg:{client-id=consumer-1, topic=test-rep-one, partition=2}  : 49381.609
consumer-fetch-manager-metrics:records-lag-avg:{client-id=consumer-1, topic=test-rep-one, partition=3}  : 50608.103
consumer-fetch-manager-metrics:records-lag-avg:{client-id=consumer-1, topic=test-rep-one, partition=4}  : 49913.240
consumer-fetch-manager-metrics:records-lag-avg:{client-id=consumer-1, topic=test-rep-one, partition=5}  : 49300.097
consumer-fetch-manager-metrics:records-lag-max:{client-id=consumer-1, topic=test-rep-one, partition=0}  : 99500.000
consumer-fetch-manager-metrics:records-lag-max:{client-id=consumer-1, topic=test-rep-one, partition=1}  : 99656.000
consumer-fetch-manager-metrics:records-lag-max:{client-id=consumer-1, topic=test-rep-one, partition=2}  : 99578.000
consumer-fetch-manager-metrics:records-lag-max:{client-id=consumer-1, topic=test-rep-one, partition=3}  : 99878.000
consumer-fetch-manager-metrics:records-lag-max:{client-id=consumer-1, topic=test-rep-one, partition=4}  : 99692.000
consumer-fetch-manager-metrics:records-lag-max:{client-id=consumer-1, topic=test-rep-one, partition=5}  : 99500.000
consumer-fetch-manager-metrics:records-lag-max:{client-id=consumer-1}                                   : 99878.000
consumer-fetch-manager-metrics:records-lag:{client-id=consumer-1, topic=test-rep-one, partition=0}      : 0.000
consumer-fetch-manager-metrics:records-lag:{client-id=consumer-1, topic=test-rep-one, partition=1}      : 0.000
consumer-fetch-manager-metrics:records-lag:{client-id=consumer-1, topic=test-rep-one, partition=2}      : 0.000
consumer-fetch-manager-metrics:records-lag:{client-id=consumer-1, topic=test-rep-one, partition=3}      : 0.000
consumer-fetch-manager-metrics:records-lag:{client-id=consumer-1, topic=test-rep-one, partition=4}      : 0.000
consumer-fetch-manager-metrics:records-lag:{client-id=consumer-1, topic=test-rep-one, partition=5}      : 0.000
consumer-fetch-manager-metrics:records-lead-avg:{client-id=consumer-1, topic=test-rep-one, partition=0} : 50105.080
consumer-fetch-manager-metrics:records-lead-avg:{client-id=consumer-1, topic=test-rep-one, partition=1} : 50263.253
consumer-fetch-manager-metrics:records-lead-avg:{client-id=consumer-1, topic=test-rep-one, partition=2} : 50618.391
consumer-fetch-manager-metrics:records-lead-avg:{client-id=consumer-1, topic=test-rep-one, partition=3} : 49391.897
consumer-fetch-manager-metrics:records-lead-avg:{client-id=consumer-1, topic=test-rep-one, partition=4} : 50086.760
consumer-fetch-manager-metrics:records-lead-avg:{client-id=consumer-1, topic=test-rep-one, partition=5} : 50699.903
consumer-fetch-manager-metrics:records-lead-min:{client-id=consumer-1, topic=test-rep-one, partition=0} : 500.000
consumer-fetch-manager-metrics:records-lead-min:{client-id=consumer-1, topic=test-rep-one, partition=1} : 344.000
consumer-fetch-manager-metrics:records-lead-min:{client-id=consumer-1, topic=test-rep-one, partition=2} : 422.000
consumer-fetch-manager-metrics:records-lead-min:{client-id=consumer-1, topic=test-rep-one, partition=3} : 122.000
consumer-fetch-manager-metrics:records-lead-min:{client-id=consumer-1, topic=test-rep-one, partition=4} : 308.000
consumer-fetch-manager-metrics:records-lead-min:{client-id=consumer-1, topic=test-rep-one, partition=5} : 500.000
consumer-fetch-manager-metrics:records-lead-min:{client-id=consumer-1}                                  : 122.000
consumer-fetch-manager-metrics:records-lead:{client-id=consumer-1, topic=test-rep-one, partition=0}     : 100000.000
consumer-fetch-manager-metrics:records-lead:{client-id=consumer-1, topic=test-rep-one, partition=1}     : 100000.000
consumer-fetch-manager-metrics:records-lead:{client-id=consumer-1, topic=test-rep-one, partition=2}     : 100000.000
consumer-fetch-manager-metrics:records-lead:{client-id=consumer-1, topic=test-rep-one, partition=3}     : 100000.000
consumer-fetch-manager-metrics:records-lead:{client-id=consumer-1, topic=test-rep-one, partition=4}     : 100000.000
consumer-fetch-manager-metrics:records-lead:{client-id=consumer-1, topic=test-rep-one, partition=5}     : 100000.000
consumer-fetch-manager-metrics:records-per-request-avg:{client-id=consumer-1, topic=test-rep-one}       : 818.554
consumer-fetch-manager-metrics:records-per-request-avg:{client-id=consumer-1}                           : 818.554
kafka-metrics-count:count:{client-id=consumer-1}                                                        : 76.000