kubectl logs test-consumer-3-tx6j8 -n kafka
start.time, end.time, data.consumed.in.MB, MB.sec, data.consumed.in.nMsg, nMsg.sec, rebalance.time.ms, fetch.time.ms, fetch.MB.sec, fetch.nMsg.sec
2020-07-06 15:32:18:007, 2020-07-06 15:33:35:988, 5722.0459, 73.3774, 60000000, 769418.1916, 3051, 74930, 76.3652, 800747.3642

Metric Name                                                                                                 Value
consumer-coordinator-metrics:assigned-partitions:{client-id=consumer-1}                                   : 6.000
consumer-coordinator-metrics:commit-latency-avg:{client-id=consumer-1}                                    : 23.667
consumer-coordinator-metrics:commit-latency-max:{client-id=consumer-1}                                    : 104.000
consumer-coordinator-metrics:commit-rate:{client-id=consumer-1}                                           : 0.229
consumer-coordinator-metrics:commit-total:{client-id=consumer-1}                                          : 15.000
consumer-coordinator-metrics:heartbeat-rate:{client-id=consumer-1}                                        : 0.339
consumer-coordinator-metrics:heartbeat-response-time-max:{client-id=consumer-1}                           : 3.000
consumer-coordinator-metrics:heartbeat-total:{client-id=consumer-1}                                       : 24.000
consumer-coordinator-metrics:join-rate:{client-id=consumer-1}                                             : 0.000
consumer-coordinator-metrics:join-time-avg:{client-id=consumer-1}                                         : 0.000
consumer-coordinator-metrics:join-time-max:{client-id=consumer-1}                                         : -Infinity
consumer-coordinator-metrics:join-total:{client-id=consumer-1}                                            : 1.000
consumer-coordinator-metrics:last-heartbeat-seconds-ago:{client-id=consumer-1}                            : 1.000
consumer-coordinator-metrics:sync-rate:{client-id=consumer-1}                                             : 0.000
consumer-coordinator-metrics:sync-time-avg:{client-id=consumer-1}                                         : 0.000
consumer-coordinator-metrics:sync-time-max:{client-id=consumer-1}                                         : -Infinity
consumer-coordinator-metrics:sync-total:{client-id=consumer-1}                                            : 1.000
consumer-fetch-manager-metrics:bytes-consumed-rate:{client-id=consumer-1, topic=test-rep-three}           : 88309093.977
consumer-fetch-manager-metrics:bytes-consumed-rate:{client-id=consumer-1}                                 : 88309093.977
consumer-fetch-manager-metrics:bytes-consumed-total:{client-id=consumer-1, topic=test-rep-three}          : 6546275721.000
consumer-fetch-manager-metrics:bytes-consumed-total:{client-id=consumer-1}                                : 6546275721.000
consumer-fetch-manager-metrics:fetch-latency-avg:{client-id=consumer-1}                                   : 16.479
consumer-fetch-manager-metrics:fetch-latency-max:{client-id=consumer-1}                                   : 528.000
consumer-fetch-manager-metrics:fetch-rate:{client-id=consumer-1}                                          : 85.431
consumer-fetch-manager-metrics:fetch-size-avg:{client-id=consumer-1, topic=test-rep-three}                : 1031694.472
consumer-fetch-manager-metrics:fetch-size-avg:{client-id=consumer-1}                                      : 1031694.472
consumer-fetch-manager-metrics:fetch-size-max:{client-id=consumer-1, topic=test-rep-three}                : 1040552.000
consumer-fetch-manager-metrics:fetch-size-max:{client-id=consumer-1}                                      : 1040552.000
consumer-fetch-manager-metrics:fetch-throttle-time-avg:{client-id=consumer-1}                             : 0.000
consumer-fetch-manager-metrics:fetch-throttle-time-max:{client-id=consumer-1}                             : 0.000
consumer-fetch-manager-metrics:fetch-total:{client-id=consumer-1}                                         : 6337.000
consumer-fetch-manager-metrics:records-consumed-rate:{client-id=consumer-1, topic=test-rep-three}         : 809392.333
consumer-fetch-manager-metrics:records-consumed-rate:{client-id=consumer-1}                               : 809392.333
consumer-fetch-manager-metrics:records-consumed-total:{client-id=consumer-1, topic=test-rep-three}        : 60000000.000
consumer-fetch-manager-metrics:records-consumed-total:{client-id=consumer-1}                              : 60000000.000
consumer-fetch-manager-metrics:records-lag-avg:{client-id=consumer-1, topic=test-rep-three, partition=0}  : 2985434.293
consumer-fetch-manager-metrics:records-lag-avg:{client-id=consumer-1, topic=test-rep-three, partition=1}  : 3067049.596
consumer-fetch-manager-metrics:records-lag-avg:{client-id=consumer-1, topic=test-rep-three, partition=2}  : 2914130.805
consumer-fetch-manager-metrics:records-lag-avg:{client-id=consumer-1, topic=test-rep-three, partition=3}  : 2986311.592
consumer-fetch-manager-metrics:records-lag-avg:{client-id=consumer-1, topic=test-rep-three, partition=4}  : 3069627.165
consumer-fetch-manager-metrics:records-lag-avg:{client-id=consumer-1, topic=test-rep-three, partition=5}  : 2913024.726
consumer-fetch-manager-metrics:records-lag-max:{client-id=consumer-1, topic=test-rep-three, partition=0}  : 5972580.000
consumer-fetch-manager-metrics:records-lag-max:{client-id=consumer-1, topic=test-rep-three, partition=1}  : 6125869.000
consumer-fetch-manager-metrics:records-lag-max:{client-id=consumer-1, topic=test-rep-three, partition=2}  : 5829463.000
consumer-fetch-manager-metrics:records-lag-max:{client-id=consumer-1, topic=test-rep-three, partition=3}  : 5972486.000
consumer-fetch-manager-metrics:records-lag-max:{client-id=consumer-1, topic=test-rep-three, partition=4}  : 6125786.000
consumer-fetch-manager-metrics:records-lag-max:{client-id=consumer-1, topic=test-rep-three, partition=5}  : 5829613.000
consumer-fetch-manager-metrics:records-lag-max:{client-id=consumer-1}                                     : 6154410.000
consumer-fetch-manager-metrics:records-lag:{client-id=consumer-1, topic=test-rep-three, partition=0}      : 0.000
consumer-fetch-manager-metrics:records-lag:{client-id=consumer-1, topic=test-rep-three, partition=1}      : 0.000
consumer-fetch-manager-metrics:records-lag:{client-id=consumer-1, topic=test-rep-three, partition=2}      : 0.000
consumer-fetch-manager-metrics:records-lag:{client-id=consumer-1, topic=test-rep-three, partition=3}      : 0.000
consumer-fetch-manager-metrics:records-lag:{client-id=consumer-1, topic=test-rep-three, partition=4}      : 0.000
consumer-fetch-manager-metrics:records-lag:{client-id=consumer-1, topic=test-rep-three, partition=5}      : 0.000
consumer-fetch-manager-metrics:records-lead-avg:{client-id=consumer-1, topic=test-rep-three, partition=0} : 7014565.707
consumer-fetch-manager-metrics:records-lead-avg:{client-id=consumer-1, topic=test-rep-three, partition=1} : 6932950.404
consumer-fetch-manager-metrics:records-lead-avg:{client-id=consumer-1, topic=test-rep-three, partition=2} : 7085869.195
consumer-fetch-manager-metrics:records-lead-avg:{client-id=consumer-1, topic=test-rep-three, partition=3} : 7013688.408
consumer-fetch-manager-metrics:records-lead-avg:{client-id=consumer-1, topic=test-rep-three, partition=4} : 6930372.835
consumer-fetch-manager-metrics:records-lead-avg:{client-id=consumer-1, topic=test-rep-three, partition=5} : 7086975.274
consumer-fetch-manager-metrics:records-lead-min:{client-id=consumer-1, topic=test-rep-three, partition=0} : 4027420.000
consumer-fetch-manager-metrics:records-lead-min:{client-id=consumer-1, topic=test-rep-three, partition=1} : 3874131.000
consumer-fetch-manager-metrics:records-lead-min:{client-id=consumer-1, topic=test-rep-three, partition=2} : 4170537.000
consumer-fetch-manager-metrics:records-lead-min:{client-id=consumer-1, topic=test-rep-three, partition=3} : 4027514.000
consumer-fetch-manager-metrics:records-lead-min:{client-id=consumer-1, topic=test-rep-three, partition=4} : 3874214.000
consumer-fetch-manager-metrics:records-lead-min:{client-id=consumer-1, topic=test-rep-three, partition=5} : 4170387.000
consumer-fetch-manager-metrics:records-lead-min:{client-id=consumer-1}                                    : 3845590.000
consumer-fetch-manager-metrics:records-lead:{client-id=consumer-1, topic=test-rep-three, partition=0}     : 10000000.000
consumer-fetch-manager-metrics:records-lead:{client-id=consumer-1, topic=test-rep-three, partition=1}     : 10000000.000
consumer-fetch-manager-metrics:records-lead:{client-id=consumer-1, topic=test-rep-three, partition=2}     : 10000000.000
consumer-fetch-manager-metrics:records-lead:{client-id=consumer-1, topic=test-rep-three, partition=3}     : 10000000.000
consumer-fetch-manager-metrics:records-lead:{client-id=consumer-1, topic=test-rep-three, partition=4}     : 10000000.000
consumer-fetch-manager-metrics:records-lead:{client-id=consumer-1, topic=test-rep-three, partition=5}     : 10000000.000
consumer-fetch-manager-metrics:records-per-request-avg:{client-id=consumer-1, topic=test-rep-three}       : 9455.941
consumer-fetch-manager-metrics:records-per-request-avg:{client-id=consumer-1}                             : 9455.941
kafka-metrics-count:count:{client-id=consumer-1}                                                          : 76.000