kubectl logs -n kafka test-consumer-2-w98fs 
start.time, end.time, data.consumed.in.MB, MB.sec, data.consumed.in.nMsg, nMsg.sec, rebalance.time.ms, fetch.time.ms, fetch.MB.sec, fetch.nMsg.sec
2020-07-06 15:32:18:079, 2020-07-06 15:33:41:885, 5722.0459, 68.2773, 60000000, 715939.1929, 8051, 75755, 75.5336, 792026.9289

Metric Name                                                                                               Value
consumer-coordinator-metrics:assigned-partitions:{client-id=consumer-1}                                 : 6.000
consumer-coordinator-metrics:commit-latency-avg:{client-id=consumer-1}                                  : 3.222
consumer-coordinator-metrics:commit-latency-max:{client-id=consumer-1}                                  : 5.000
consumer-coordinator-metrics:commit-rate:{client-id=consumer-1}                                         : 0.225
consumer-coordinator-metrics:commit-total:{client-id=consumer-1}                                        : 15.000
consumer-coordinator-metrics:heartbeat-rate:{client-id=consumer-1}                                      : 0.333
consumer-coordinator-metrics:heartbeat-response-time-max:{client-id=consumer-1}                         : 1.000
consumer-coordinator-metrics:heartbeat-total:{client-id=consumer-1}                                     : 24.000
consumer-coordinator-metrics:join-rate:{client-id=consumer-1}                                           : 0.000
consumer-coordinator-metrics:join-time-avg:{client-id=consumer-1}                                       : 0.000
consumer-coordinator-metrics:join-time-max:{client-id=consumer-1}                                       : -Infinity
consumer-coordinator-metrics:join-total:{client-id=consumer-1}                                          : 2.000
consumer-coordinator-metrics:last-heartbeat-seconds-ago:{client-id=consumer-1}                          : 2.000
consumer-coordinator-metrics:sync-rate:{client-id=consumer-1}                                           : 0.000
consumer-coordinator-metrics:sync-time-avg:{client-id=consumer-1}                                       : 0.000
consumer-coordinator-metrics:sync-time-max:{client-id=consumer-1}                                       : -Infinity
consumer-coordinator-metrics:sync-total:{client-id=consumer-1}                                          : 1.000
consumer-fetch-manager-metrics:bytes-consumed-rate:{client-id=consumer-1, topic=test-rep-two}           : 87884166.814
consumer-fetch-manager-metrics:bytes-consumed-rate:{client-id=consumer-1}                               : 87884166.814
consumer-fetch-manager-metrics:bytes-consumed-total:{client-id=consumer-1, topic=test-rep-two}          : 6546581561.000
consumer-fetch-manager-metrics:bytes-consumed-total:{client-id=consumer-1}                              : 6546581561.000
consumer-fetch-manager-metrics:fetch-latency-avg:{client-id=consumer-1}                                 : 17.197
consumer-fetch-manager-metrics:fetch-latency-max:{client-id=consumer-1}                                 : 544.000
consumer-fetch-manager-metrics:fetch-rate:{client-id=consumer-1}                                        : 85.132
consumer-fetch-manager-metrics:fetch-size-avg:{client-id=consumer-1, topic=test-rep-two}                : 1031908.115
consumer-fetch-manager-metrics:fetch-size-avg:{client-id=consumer-1}                                    : 1031908.115
consumer-fetch-manager-metrics:fetch-size-max:{client-id=consumer-1, topic=test-rep-two}                : 1040478.000
consumer-fetch-manager-metrics:fetch-size-max:{client-id=consumer-1}                                    : 1040478.000
consumer-fetch-manager-metrics:fetch-throttle-time-avg:{client-id=consumer-1}                           : 0.000
consumer-fetch-manager-metrics:fetch-throttle-time-max:{client-id=consumer-1}                           : 0.000
consumer-fetch-manager-metrics:fetch-total:{client-id=consumer-1}                                       : 6335.000
consumer-fetch-manager-metrics:records-consumed-rate:{client-id=consumer-1, topic=test-rep-two}         : 805480.258
consumer-fetch-manager-metrics:records-consumed-rate:{client-id=consumer-1}                             : 805480.258
consumer-fetch-manager-metrics:records-consumed-total:{client-id=consumer-1, topic=test-rep-two}        : 60000000.000
consumer-fetch-manager-metrics:records-consumed-total:{client-id=consumer-1}                            : 60000000.000
consumer-fetch-manager-metrics:records-lag-avg:{client-id=consumer-1, topic=test-rep-two, partition=0}  : 3048522.747
consumer-fetch-manager-metrics:records-lag-avg:{client-id=consumer-1, topic=test-rep-two, partition=1}  : 2990801.613
consumer-fetch-manager-metrics:records-lag-avg:{client-id=consumer-1, topic=test-rep-two, partition=2}  : 3053726.302
consumer-fetch-manager-metrics:records-lag-avg:{client-id=consumer-1, topic=test-rep-two, partition=3}  : 3051110.405
consumer-fetch-manager-metrics:records-lag-avg:{client-id=consumer-1, topic=test-rep-two, partition=4}  : 2994442.475
consumer-fetch-manager-metrics:records-lag-avg:{client-id=consumer-1, topic=test-rep-two, partition=5}  : 3051066.486
consumer-fetch-manager-metrics:records-lag-max:{client-id=consumer-1, topic=test-rep-two, partition=0}  : 6102173.000
consumer-fetch-manager-metrics:records-lag-max:{client-id=consumer-1, topic=test-rep-two, partition=1}  : 5979538.000
consumer-fetch-manager-metrics:records-lag-max:{client-id=consumer-1, topic=test-rep-two, partition=2}  : 6104541.000
consumer-fetch-manager-metrics:records-lag-max:{client-id=consumer-1, topic=test-rep-two, partition=3}  : 6102224.000
consumer-fetch-manager-metrics:records-lag-max:{client-id=consumer-1, topic=test-rep-two, partition=4}  : 5989234.000
consumer-fetch-manager-metrics:records-lag-max:{client-id=consumer-1, topic=test-rep-two, partition=5}  : 6096056.000
consumer-fetch-manager-metrics:records-lag-max:{client-id=consumer-1}                                   : 6132822.000
consumer-fetch-manager-metrics:records-lag:{client-id=consumer-1, topic=test-rep-two, partition=0}      : 0.000
consumer-fetch-manager-metrics:records-lag:{client-id=consumer-1, topic=test-rep-two, partition=1}      : 0.000
consumer-fetch-manager-metrics:records-lag:{client-id=consumer-1, topic=test-rep-two, partition=2}      : 0.000
consumer-fetch-manager-metrics:records-lag:{client-id=consumer-1, topic=test-rep-two, partition=3}      : 0.000
consumer-fetch-manager-metrics:records-lag:{client-id=consumer-1, topic=test-rep-two, partition=4}      : 0.000
consumer-fetch-manager-metrics:records-lag:{client-id=consumer-1, topic=test-rep-two, partition=5}      : 0.000
consumer-fetch-manager-metrics:records-lead-avg:{client-id=consumer-1, topic=test-rep-two, partition=0} : 6951477.253
consumer-fetch-manager-metrics:records-lead-avg:{client-id=consumer-1, topic=test-rep-two, partition=1} : 7009198.387
consumer-fetch-manager-metrics:records-lead-avg:{client-id=consumer-1, topic=test-rep-two, partition=2} : 6946273.698
consumer-fetch-manager-metrics:records-lead-avg:{client-id=consumer-1, topic=test-rep-two, partition=3} : 6948889.595
consumer-fetch-manager-metrics:records-lead-avg:{client-id=consumer-1, topic=test-rep-two, partition=4} : 7005557.525
consumer-fetch-manager-metrics:records-lead-avg:{client-id=consumer-1, topic=test-rep-two, partition=5} : 6948933.514
consumer-fetch-manager-metrics:records-lead-min:{client-id=consumer-1, topic=test-rep-two, partition=0} : 3897827.000
consumer-fetch-manager-metrics:records-lead-min:{client-id=consumer-1, topic=test-rep-two, partition=1} : 4020462.000
consumer-fetch-manager-metrics:records-lead-min:{client-id=consumer-1, topic=test-rep-two, partition=2} : 3895459.000
consumer-fetch-manager-metrics:records-lead-min:{client-id=consumer-1, topic=test-rep-two, partition=3} : 3897776.000
consumer-fetch-manager-metrics:records-lead-min:{client-id=consumer-1, topic=test-rep-two, partition=4} : 4010766.000
consumer-fetch-manager-metrics:records-lead-min:{client-id=consumer-1, topic=test-rep-two, partition=5} : 3903944.000
consumer-fetch-manager-metrics:records-lead-min:{client-id=consumer-1}                                  : 3867178.000
consumer-fetch-manager-metrics:records-lead:{client-id=consumer-1, topic=test-rep-two, partition=0}     : 10000000.000
consumer-fetch-manager-metrics:records-lead:{client-id=consumer-1, topic=test-rep-two, partition=1}     : 10000000.000
consumer-fetch-manager-metrics:records-lead:{client-id=consumer-1, topic=test-rep-two, partition=2}     : 10000000.000
consumer-fetch-manager-metrics:records-lead:{client-id=consumer-1, topic=test-rep-two, partition=3}     : 10000000.000
consumer-fetch-manager-metrics:records-lead:{client-id=consumer-1, topic=test-rep-two, partition=4}     : 10000000.000
consumer-fetch-manager-metrics:records-lead:{client-id=consumer-1, topic=test-rep-two, partition=5}     : 10000000.000
consumer-fetch-manager-metrics:records-per-request-avg:{client-id=consumer-1, topic=test-rep-two}       : 9457.695
consumer-fetch-manager-metrics:records-per-request-avg:{client-id=consumer-1}                           : 9457.695
kafka-metrics-count:count:{client-id=consumer-1}                                                        : 76.000